  Intersection.cpp
e:\junior2nosync\softwareengineering\03-pairwork\intersection\src\intersection.h(69): warning C4251: “Intersection::points”: class“std::vector<Point,std::allocator<_Ty>>”需要有 dll 接口由 class“Intersection”的客户端使用
          with
          [
              _Ty=Point
          ]
  e:\junior2nosync\softwareengineering\03-pairwork\intersection\src\intersection.h(69): note: 参见“std::vector<Point,std::allocator<_Ty>>”的声明
          with
          [
              _Ty=Point
          ]
e:\junior2nosync\softwareengineering\03-pairwork\intersection\src\intersection.h(70): warning C4251: “Intersection::vectors”: class“std::vector<Point,std::allocator<_Ty>>”需要有 dll 接口由 class“Intersection”的客户端使用
          with
          [
              _Ty=Point
          ]
  e:\junior2nosync\softwareengineering\03-pairwork\intersection\src\intersection.h(69): note: 参见“std::vector<Point,std::allocator<_Ty>>”的声明
          with
          [
              _Ty=Point
          ]
e:\junior2nosync\softwareengineering\03-pairwork\intersection\src\intersection.h(71): warning C4251: “Intersection::intersects”: class“std::vector<Point,std::allocator<_Ty>>”需要有 dll 接口由 class“Intersection”的客户端使用
          with
          [
              _Ty=Point
          ]
  e:\junior2nosync\softwareengineering\03-pairwork\intersection\src\intersection.h(69): note: 参见“std::vector<Point,std::allocator<_Ty>>”的声明
          with
          [
              _Ty=Point
          ]
e:\junior2nosync\softwareengineering\03-pairwork\intersection\src\intersection.h(72): warning C4251: “Intersection::circles”: class“std::vector<Circle,std::allocator<_Ty>>”需要有 dll 接口由 class“Intersection”的客户端使用
          with
          [
              _Ty=Circle
          ]
  e:\junior2nosync\softwareengineering\03-pairwork\intersection\src\intersection.h(72): note: 参见“std::vector<Circle,std::allocator<_Ty>>”的声明
          with
          [
              _Ty=Circle
          ]
  main.cpp
e:\junior2nosync\softwareengineering\03-pairwork\intersection\src\intersection.h(69): warning C4251: “Intersection::points”: class“std::vector<Point,std::allocator<_Ty>>”需要有 dll 接口由 class“Intersection”的客户端使用
          with
          [
              _Ty=Point
          ]
  e:\junior2nosync\softwareengineering\03-pairwork\intersection\src\intersection.h(69): note: 参见“std::vector<Point,std::allocator<_Ty>>”的声明
          with
          [
              _Ty=Point
          ]
e:\junior2nosync\softwareengineering\03-pairwork\intersection\src\intersection.h(70): warning C4251: “Intersection::vectors”: class“std::vector<Point,std::allocator<_Ty>>”需要有 dll 接口由 class“Intersection”的客户端使用
          with
          [
              _Ty=Point
          ]
  e:\junior2nosync\softwareengineering\03-pairwork\intersection\src\intersection.h(69): note: 参见“std::vector<Point,std::allocator<_Ty>>”的声明
          with
          [
              _Ty=Point
          ]
e:\junior2nosync\softwareengineering\03-pairwork\intersection\src\intersection.h(71): warning C4251: “Intersection::intersects”: class“std::vector<Point,std::allocator<_Ty>>”需要有 dll 接口由 class“Intersection”的客户端使用
          with
          [
              _Ty=Point
          ]
  e:\junior2nosync\softwareengineering\03-pairwork\intersection\src\intersection.h(69): note: 参见“std::vector<Point,std::allocator<_Ty>>”的声明
          with
          [
              _Ty=Point
          ]
e:\junior2nosync\softwareengineering\03-pairwork\intersection\src\intersection.h(72): warning C4251: “Intersection::circles”: class“std::vector<Circle,std::allocator<_Ty>>”需要有 dll 接口由 class“Intersection”的客户端使用
          with
          [
              _Ty=Circle
          ]
  e:\junior2nosync\softwareengineering\03-pairwork\intersection\src\intersection.h(72): note: 参见“std::vector<Circle,std::allocator<_Ty>>”的声明
          with
          [
              _Ty=Circle
          ]
  Shape.cpp
e:\junior2nosync\softwareengineering\03-pairwork\intersection\src\intersection.h(69): warning C4251: “Intersection::points”: class“std::vector<Point,std::allocator<_Ty>>”需要有 dll 接口由 class“Intersection”的客户端使用
          with
          [
              _Ty=Point
          ]
  e:\junior2nosync\softwareengineering\03-pairwork\intersection\src\intersection.h(69): note: 参见“std::vector<Point,std::allocator<_Ty>>”的声明
          with
          [
              _Ty=Point
          ]
e:\junior2nosync\softwareengineering\03-pairwork\intersection\src\intersection.h(70): warning C4251: “Intersection::vectors”: class“std::vector<Point,std::allocator<_Ty>>”需要有 dll 接口由 class“Intersection”的客户端使用
          with
          [
              _Ty=Point
          ]
  e:\junior2nosync\softwareengineering\03-pairwork\intersection\src\intersection.h(69): note: 参见“std::vector<Point,std::allocator<_Ty>>”的声明
          with
          [
              _Ty=Point
          ]
e:\junior2nosync\softwareengineering\03-pairwork\intersection\src\intersection.h(71): warning C4251: “Intersection::intersects”: class“std::vector<Point,std::allocator<_Ty>>”需要有 dll 接口由 class“Intersection”的客户端使用
          with
          [
              _Ty=Point
          ]
  e:\junior2nosync\softwareengineering\03-pairwork\intersection\src\intersection.h(69): note: 参见“std::vector<Point,std::allocator<_Ty>>”的声明
          with
          [
              _Ty=Point
          ]
e:\junior2nosync\softwareengineering\03-pairwork\intersection\src\intersection.h(72): warning C4251: “Intersection::circles”: class“std::vector<Circle,std::allocator<_Ty>>”需要有 dll 接口由 class“Intersection”的客户端使用
          with
          [
              _Ty=Circle
          ]
  e:\junior2nosync\softwareengineering\03-pairwork\intersection\src\intersection.h(72): note: 参见“std::vector<Circle,std::allocator<_Ty>>”的声明
          with
          [
              _Ty=Circle
          ]
  正在生成代码...
    正在创建库 E:\Junior2NoSync\SoftwareEngineering\03-pairwork\intersection\bin\intersection.lib 和对象 E:\Junior2NoSync\SoftwareEngineering\03-pairwork\intersection\bin\intersection.exp
  intersection.vcxproj -> E:\Junior2NoSync\SoftwareEngineering\03-pairwork\intersection\bin\intersection.dll
